--------------------------------------------------
pdated dataset saved to /data/zwq/code/DRO-Grasp/data/OakInkDataset/oakink_dataset_standard_all_retarget_to_shadowhand_coacd.ptoakink+cylinder_bottle - s15253
oakink+bowl - s12107
oakink+mug - S10013
oakink+trigger_sprayer - A01023
oakink+cylinder_bottle - s15325
oakink+bowl - s12168
oakink+mug - s10232
oakink+cameras - O50001
oakink+mug - s10235
oakink+bowl - s12152
oakink+cylinder_bottle - s15522
oakink+cylinder_bottle - s15137
oakink+cylinder_bottle - s15543
oakink+bowl - s12119
oakink+cup - s11107
oakink+bowl - s12187
oakink+bowl - s12140
oakink+cylinder_bottle - s15565
oakink+bowl - s12149

Total invalid objects: 19
Total removed samples: 635